# JRE version: Java(TM) SE Runtime Environment (17.0.11+7) (build 17.0.11+7-LTS-207)
# Java VM: Java HotSpot(TM) 64-Bit Server VM (17.0.11+7-LTS-207, mixed mode, emulated-client, sharing, tiered, compressed oops, compressed class ptrs, g1 gc, windows-amd64)
GC Precious Log:
 CPUs: 16 total, 16 available
 Memory: 16068M
 Large Page Support: Disabled
 NUMA Support: Disabled
 Compressed Oops: Enabled (Zero based)
 Heap Region Size: 2M
 Heap Min Capacity: 8M
 Heap Initial Capacity: 252M
 Heap Max Capacity: 4018M
 Pre-touch: Disabled
 Parallel Workers: 13
 Concurrent Workers: 3
 Concurrent Refinement Workers: 13
 Periodic GC: Disabled
Heap:
 garbage-first heap   total 110592K, used 51807K [0x0000000704e00000, 0x0000000800000000)
  region size 2048K, 1 young (2048K), 1 survivors (2048K)
 Metaspace       used 88459K, committed 89472K, reserved 1179648K
  class space    used 12111K, committed 12480K, reserved 1048576K
GC Heap History (20 events):
Event: 76502.534 GC heap after
{Heap after GC invocations=102 (full 0):
 garbage-first heap   total 110592K, used 52081K [0x0000000704e00000, 0x0000000800000000)
  region size 2048K, 1 young (2048K), 1 survivors (2048K)
 Metaspace       used 88459K, committed 89472K, reserved 1179648K
  class space    used 12111K, committed 12480K, reserved 1048576K
}
Event: 76624.572 GC heap before
{Heap before GC invocations=102 (full 0):
 garbage-first heap   total 110592K, used 95089K [0x0000000704e00000, 0x0000000800000000)
  region size 2048K, 22 young (45056K), 1 survivors (2048K)
 Metaspace       used 88459K, committed 89472K, reserved 1179648K
  class space    used 12111K, committed 12480K, reserved 1048576K
}
Event: 76624.587 GC heap after
{Heap after GC invocations=103 (full 0):
 garbage-first heap   total 110592K, used 51911K [0x0000000704e00000, 0x0000000800000000)
  region size 2048K, 1 young (2048K), 1 survivors (2048K)
 Metaspace       used 88459K, committed 89472K, reserved 1179648K
  class space    used 12111K, committed 12480K, reserved 1048576K
}
Event: 76749.021 GC heap before
{Heap before GC invocations=104 (full 0):
 garbage-first heap   total 110592K, used 94919K [0x0000000704e00000, 0x0000000800000000)
  region size 2048K, 22 young (45056K), 1 survivors (2048K)
 Metaspace       used 88459K, committed 89472K, reserved 1179648K
  class space    used 12111K, committed 12480K, reserved 1048576K
}
Event: 76749.064 GC heap after
{Heap after GC invocations=105 (full 0):
 garbage-first heap   total 110592K, used 51682K [0x0000000704e00000, 0x0000000800000000)
  region size 2048K, 1 young (2048K), 1 survivors (2048K)
 Metaspace       used 88459K, committed 89472K, reserved 1179648K
  class space    used 12111K, committed 12480K, reserved 1048576K
}
Event: 76872.150 GC heap before
{Heap before GC invocations=105 (full 0):
 garbage-first heap   total 110592K, used 94690K [0x0000000704e00000, 0x0000000800000000)
  region size 2048K, 22 young (45056K), 1 survivors (2048K)
 Metaspace       used 88459K, committed 89472K, reserved 1179648K
  class space    used 12111K, committed 12480K, reserved 1048576K
}
Event: 76872.622 GC heap after
{Heap after GC invocations=106 (full 0):
 garbage-first heap   total 110592K, used 51929K [0x0000000704e00000, 0x0000000800000000)
  region size 2048K, 1 young (2048K), 1 survivors (2048K)
 Metaspace       used 88459K, committed 89472K, reserved 1179648K
  class space    used 12111K, committed 12480K, reserved 1048576K
}
Event: 76996.072 GC heap before
{Heap before GC invocations=107 (full 0):
 garbage-first heap   total 110592K, used 94937K [0x0000000704e00000, 0x0000000800000000)
  region size 2048K, 22 young (45056K), 1 survivors (2048K)
 Metaspace       used 88459K, committed 89472K, reserved 1179648K
  class space    used 12111K, committed 12480K, reserved 1048576K
}
Event: 76996.120 GC heap after
{Heap after GC invocations=108 (full 0):
 garbage-first heap   total 110592K, used 51949K [0x0000000704e00000, 0x0000000800000000)
  region size 2048K, 1 young (2048K), 1 survivors (2048K)
 Metaspace       used 88459K, committed 89472K, reserved 1179648K
  class space    used 12111K, committed 12480K, reserved 1048576K
}
Event: 77122.394 GC heap before
{Heap before GC invocations=108 (full 0):
 garbage-first heap   total 110592K, used 94957K [0x0000000704e00000, 0x0000000800000000)
  region size 2048K, 22 young (45056K), 1 survivors (2048K)
 Metaspace       used 88459K, committed 89472K, reserved 1179648K
  class space    used 12111K, committed 12480K, reserved 1048576K
}
Event: 77122.492 GC heap after
{Heap after GC invocations=109 (full 0):
 garbage-first heap   total 110592K, used 51771K [0x0000000704e00000, 0x0000000800000000)
  region size 2048K, 1 young (2048K), 1 survivors (2048K)
 Metaspace       used 88459K, committed 89472K, reserved 1179648K
  class space    used 12111K, committed 12480K, reserved 1048576K
}
Event: 77244.666 GC heap before
{Heap before GC invocations=110 (full 0):
 garbage-first heap   total 110592K, used 94779K [0x0000000704e00000, 0x0000000800000000)
  region size 2048K, 22 young (45056K), 1 survivors (2048K)
 Metaspace       used 88459K, committed 89472K, reserved 1179648K
  class space    used 12111K, committed 12480K, reserved 1048576K
}
Event: 77244.789 GC heap after
{Heap after GC invocations=111 (full 0):
 garbage-first heap   total 110592K, used 51938K [0x0000000704e00000, 0x0000000800000000)
  region size 2048K, 1 young (2048K), 1 survivors (2048K)
 Metaspace       used 88459K, committed 89472K, reserved 1179648K
  class space    used 12111K, committed 12480K, reserved 1048576K
}
Event: 77367.182 GC heap before
{Heap before GC invocations=111 (full 0):
 garbage-first heap   total 110592K, used 94946K [0x0000000704e00000, 0x0000000800000000)
  region size 2048K, 22 young (45056K), 1 survivors (2048K)
 Metaspace       used 88459K, committed 89472K, reserved 1179648K
  class space    used 12111K, committed 12480K, reserved 1048576K
}
Event: 77367.578 GC heap after
{Heap after GC invocations=112 (full 0):
 garbage-first heap   total 110592K, used 51958K [0x0000000704e00000, 0x0000000800000000)
  region size 2048K, 1 young (2048K), 1 survivors (2048K)
 Metaspace       used 88459K, committed 89472K, reserved 1179648K
  class space    used 12111K, committed 12480K, reserved 1048576K
}
Event: 77489.475 GC heap before
{Heap before GC invocations=113 (full 0):
 garbage-first heap   total 110592K, used 94966K [0x0000000704e00000, 0x0000000800000000)
  region size 2048K, 22 young (45056K), 1 survivors (2048K)
 Metaspace       used 88459K, committed 89472K, reserved 1179648K
  class space    used 12111K, committed 12480K, reserved 1048576K
}
Event: 77489.546 GC heap after
{Heap after GC invocations=114 (full 0):
 garbage-first heap   total 110592K, used 51976K [0x0000000704e00000, 0x0000000800000000)
  region size 2048K, 1 young (2048K), 1 survivors (2048K)
 Metaspace       used 88459K, committed 89472K, reserved 1179648K
  class space    used 12111K, committed 12480K, reserved 1048576K
}
Event: 77612.663 GC heap before
{Heap before GC invocations=114 (full 0):
 garbage-first heap   total 110592K, used 94984K [0x0000000704e00000, 0x0000000800000000)
  region size 2048K, 22 young (45056K), 1 survivors (2048K)
 Metaspace       used 88459K, committed 89472K, reserved 1179648K
  class space    used 12111K, committed 12480K, reserved 1048576K
}
Event: 77612.731 GC heap after
{Heap after GC invocations=115 (full 0):
 garbage-first heap   total 110592K, used 51961K [0x0000000704e00000, 0x0000000800000000)
  region size 2048K, 1 young (2048K), 1 survivors (2048K)
 Metaspace       used 88459K, committed 89472K, reserved 1179648K
  class space    used 12111K, committed 12480K, reserved 1048576K
}
Event: 77738.316 GC heap before
{Heap before GC invocations=116 (full 0):
 garbage-first heap   total 110592K, used 94969K [0x0000000704e00000, 0x0000000800000000)
  region size 2048K, 22 young (45056K), 1 survivors (2048K)
 Metaspace       used 88459K, committed 89472K, reserved 1179648K
  class space    used 12111K, committed 12480K, reserved 1048576K
}

